  stdafx.cpp
c:\users\kristian\skydrive\uni semester3\c++\assignment1cpp\assignment1cpp\nounandverb.h(14): warning C4250: 'NounAndVerb': inherits 'Noun::Noun::GetWord' via dominance
  c:\users\kristian\skydrive\uni semester3\c++\assignment1cpp\assignment1cpp\noun.h(11): note: see declaration of 'Noun::GetWord'
  Word.cpp
c:\users\kristian\skydrive\uni semester3\c++\assignment1cpp\assignment1cpp\word.cpp(99): warning C4267: 'initializing': conversion from 'size_t' to 'int', possible loss of data
  Verb.cpp
  TriPair.cpp
  TriGame.cpp
c:\users\kristian\skydrive\uni semester3\c++\assignment1cpp\assignment1cpp\trigame.cpp(194): warning C4267: '=': conversion from 'size_t' to 'int', possible loss of data
  ProperNoun.cpp
  Preposition.cpp
  NounAndVerb.cpp
  Noun.cpp
  MiscWord.cpp
  Dictionary.cpp
c:\users\kristian\skydrive\uni semester3\c++\assignment1cpp\assignment1cpp\dictionary.cpp(25): warning C4267: 'return': conversion from 'size_t' to 'int', possible loss of data
c:\users\kristian\skydrive\uni semester3\c++\assignment1cpp\assignment1cpp\dictionary.cpp(136): warning C4267: 'initializing': conversion from 'size_t' to 'int', possible loss of data
c:\users\kristian\skydrive\uni semester3\c++\assignment1cpp\assignment1cpp\dictionary.cpp(147): warning C4267: 'initializing': conversion from 'size_t' to 'int', possible loss of data
  AuditLog.cpp
  Assignment1cpp.cpp
c:\users\kristian\skydrive\uni semester3\c++\assignment1cpp\assignment1cpp\assignment1cpp.cpp(42): warning C4566: character represented by universal-character-name '\u2591' cannot be represented in the current code page (1252)
c:\users\kristian\skydrive\uni semester3\c++\assignment1cpp\assignment1cpp\assignment1cpp.cpp(42): warning C4566: character represented by universal-character-name '\u2592' cannot be represented in the current code page (1252)
c:\users\kristian\skydrive\uni semester3\c++\assignment1cpp\assignment1cpp\assignment1cpp.cpp(42): warning C4566: character represented by universal-character-name '\u2593' cannot be represented in the current code page (1252)
  AdVerb.cpp
  Adjective.cpp
  Generating Code...
  Assignment1cpp.vcxproj -> C:\Users\Kristian\SkyDrive\Uni Semester3\C++\Assignment1cpp\x64\Debug\Assignment1cpp.exe
